<?xml version="1.0" encoding="UTF-8"?>
<!-- Generated by org.testng.reporters.JUnitXMLReporter -->
<testsuite hostname="user-PC" name="Test" tests="1" failures="1" timestamp="1 Nov 2016 04:09:40 GMT" time="0.079" errors="0">
  <testcase name="login" time="0.037" classname="Zoho.Listner.loginTest">
    <failure type="java.lang.AssertionError" message="expected [B] but found [A]">
      <![CDATA[java.lang.AssertionError: expected [B] but found [A]
	at Zoho.Listner.loginTest.login(loginTest.java:10)
... Removed 29 stack frames]]>
    </failure>
  </testcase> <!-- login -->
</testsuite> <!-- Test -->
